        -:    0:Source:gcov-demo.cpp
        -:    0:Graph:./gcov-demo.gcno
        -:    0:Data:./gcov-demo.gcda
        -:    0:Runs:1
        -:    0:Programs:1
        -:    1://g++ gcov-demo.cpp -fprofile-arcs -ftest-coverage -o gcov-demo
        -:    2:
        -:    3:#define MAX 10000
        2:    4:void f()
        -:    5:{
        2:    6:	long long sum = 0;
    20002:    7:	for (long long i=0;i<MAX;i++)
    20000:    8:		sum += i;
        2:    9:}
        -:   10:
        1:   11:long long g()
        -:   12:{
        1:   13:	long long sum = 0;
    10001:   14:	for (long long i=0;i<MAX;i++)
    10000:   15:		sum += i;
        1:   16:	f();
        -:   17:
        1:   18:	return sum;
        -:   19:}
        -:   20:
    #####:   21:void h()
        -:   22:{
    #####:   23:	long long sum = 0;
    #####:   24:	for (long long i=0;i<MAX;i++)
    #####:   25:		sum += i;
    #####:   26:}
        -:   27:
        1:   28:int main()
        -:   29:{
        1:   30:	long long sum = 0;
    10001:   31:	for (long long i=0;i<MAX;i++)
    10000:   32:		sum += i;
        1:   33:	f();
        1:   34:	g();
        1:   35:	if (sum < 5000)
    #####:   36:		h();
        1:   37:}
